warning: Empty last update token.
warning: Empty last update token.
[main 5e7df1f] Auto-update: 2025-02-04 14:03:21
 4 files changed, 75 insertions(+), 2 deletions(-)
 create mode 100644 core_features/device_interaction.huobz
 create mode 100644 core_features/tests/test_device_interaction.py
 create mode 100644 cron_output.log
git@github.com: Permission denied (publickey).
fatal: Could not read from remote repository.

Please make sure you have the correct access rights
and the repository exists.
✅ HuobzLang repository updated successfully!
warning: Empty last update token.
warning: Empty last update token.
[main b740339] Auto-update: 2025-02-04 15:00:01
 30 files changed, 699 insertions(+), 6 deletions(-)
 create mode 100644 core_features/__pycache__/compiler.cpython-310.pyc
 create mode 100644 core_features/ai_integration.huobz
 create mode 100644 core_features/assembler.py
 create mode 100644 core_features/assembly_instructions.huobz
 create mode 100644 core_features/blockchain_integration.huobz
 create mode 100755 core_features/compiler.py
 create mode 100644 core_features/emulator.py
 create mode 100644 core_features/high_level_constructs.huobz
 create mode 100644 core_features/instruction_set.huobz
 create mode 100644 core_features/isa_definition.md
 create mode 100644 core_features/machine_language/assembler.py
 create mode 100644 core_features/machine_language/emulator.py
 create mode 100644 core_features/machine_language/instruction_set.huobz
 create mode 100644 core_features/machine_language/test_extended_instructions.py
 create mode 100644 core_features/quantum_integration.huobz
 create mode 100644 core_features/test_assembler.py
 create mode 100644 core_features/test_compiler.py
 create mode 100644 core_features/test_emulator.py
 create mode 100644 core_features/test_high_level_constructs.py
 create mode 100644 core_features/tests/test_ai_integration.py
 create mode 100644 core_features/tests/test_assembly_instructions.py
 create mode 100644 core_features/tests/test_blockchain_integration.py
 create mode 100644 core_features/tests/test_extended_instructions.py
 create mode 100644 core_features/tests/test_huobzlang_syntax.py
 create mode 100644 core_features/tests/test_quantum_integration.py
 create mode 100644 cron_debug.log
 create mode 100644 huobzlang_syntax.huobz
 create mode 100644 tests/test_high_level_constructs.py
git@github.com: Permission denied (publickey).
fatal: Could not read from remote repository.

Please make sure you have the correct access rights
and the repository exists.
✅ HuobzLang repository updated successfully!
warning: Empty last update token.
warning: Empty last update token.
[main 702e431] Auto-update: 2025-02-04 17:00:43
 8 files changed, 187 insertions(+), 19 deletions(-)
 rewrite core_features/__pycache__/compiler.cpython-310.pyc (93%)
 create mode 100644 core_features/__pycache__/emulator.cpython-310.pyc
 create mode 100644 tests/test_emulator.py
git@github.com: Permission denied (publickey).
fatal: Could not read from remote repository.

Please make sure you have the correct access rights
and the repository exists.
✅ HuobzLang repository updated successfully!
warning: Empty last update token.
warning: Empty last update token.
[main b0933e0] Auto-update: 2025-02-04 18:00:01
 5 files changed, 142 insertions(+), 93 deletions(-)
 create mode 100644 core_features/.emulator.py.swp
 rewrite core_features/__pycache__/emulator.cpython-310.pyc (97%)
 rewrite core_features/emulator.py (87%)
git@github.com: Permission denied (publickey).
fatal: Could not read from remote repository.

Please make sure you have the correct access rights
and the repository exists.
✅ HuobzLang repository updated successfully!
warning: Empty last update token.
warning: Empty last update token.
[main 43d0170] Auto-update: 2025-02-04 19:00:35
 11 files changed, 248 insertions(+), 197 deletions(-)
 delete mode 100644 core_features/.emulator.py.swp
 create mode 100644 core_features/__init__.py
 create mode 100644 core_features/__pycache__/__init__.cpython-310.pyc
 rewrite core_features/__pycache__/emulator.cpython-310.pyc (99%)
 rewrite core_features/emulator.py (99%)
 create mode 100644 test_emulator.py
 create mode 100644 tests/__pycache__/test_emulator.cpython-310.pyc
 create mode 100644 tests/__pycache__/test_high_level_constructs.cpython-310.pyc
 rewrite tests/test_emulator.py (84%)
git@github.com: Permission denied (publickey).
fatal: Could not read from remote repository.

Please make sure you have the correct access rights
and the repository exists.
✅ HuobzLang repository updated successfully!
warning: Empty last update token.
warning: Empty last update token.
[main 72ce41c] Auto-update: 2025-02-04 20:00:01
 3 files changed, 149 insertions(+), 66 deletions(-)
 rewrite core_features/emulator.py (99%)
git@github.com: Permission denied (publickey).
fatal: Could not read from remote repository.

Please make sure you have the correct access rights
and the repository exists.
✅ HuobzLang repository updated successfully!
warning: Empty last update token.
warning: Empty last update token.
[main 93f67e3] Auto-update: 2025-02-04 21:00:02
 2 files changed, 137 insertions(+), 129 deletions(-)
 rewrite core_features/emulator.py (64%)
git@github.com: Permission denied (publickey).
fatal: Could not read from remote repository.

Please make sure you have the correct access rights
and the repository exists.
✅ HuobzLang repository updated successfully!
warning: Empty last update token.
warning: Empty last update token.
[main df6341f] Auto-update: 2025-02-04 22:00:25
 7 files changed, 118 insertions(+), 84 deletions(-)
 create mode 100644 .README.md.swp
 rewrite core_features/__pycache__/emulator.cpython-310.pyc (99%)
 create mode 100644 core_features/__pycache__/test_high_level_constructs.cpython-310.pyc
 rewrite tests/__pycache__/test_emulator.cpython-310.pyc (94%)
 rewrite tests/test_emulator.py (67%)
git@github.com: Permission denied (publickey).
fatal: Could not read from remote repository.

Please make sure you have the correct access rights
and the repository exists.
✅ HuobzLang repository updated successfully!
warning: Empty last update token.
warning: Empty last update token.
[main b63cab8] Auto-update: 2025-02-04 23:00:01
 2 files changed, 10 insertions(+), 15 deletions(-)
git@github.com: Permission denied (publickey).
fatal: Could not read from remote repository.

Please make sure you have the correct access rights
and the repository exists.
✅ HuobzLang repository updated successfully!
warning: Empty last update token.
